[0.045s] Invoking command in '/home/yzz/219_ws/build/hardware_unitree_mujoco': CMAKE_PREFIX_PATH=${CMAKE_PREFIX_PATH}:/opt/ros/humble /usr/bin/cmake --build /home/yzz/219_ws/build/hardware_unitree_mujoco -- -j2 -l2
[0.249s] [ 20%] [32mBuilding CXX object CMakeFiles/hardware_unitree_mujoco.dir/src/imu.cpp.o[0m
[0.278s] [ 40%] [32mBuilding CXX object CMakeFiles/hardware_unitree_mujoco.dir/src/motor_hw.cpp.o[0m
[1.290s] In file included from [01m[K/home/yzz/219_ws/src/quadruped_ros2_control-humble/hardwares/hardware_unitree_mujoco/src/imu.cpp:1[m[K:
[1.293s] [01m[K/home/yzz/219_ws/src/quadruped_ros2_control-humble/hardwares/hardware_unitree_mujoco/include/hardware_unitree_mujoco/imu.hpp:21:10:[m[K [01;31m[Kfatal error: [m[KEigen/Eigen: No such file or directory
[1.294s]    21 | #include [01;31m[K<Eigen/Eigen>[m[K
[1.294s]       |          [01;31m[K^~~~~~~~~~~~~[m[K
[1.294s] compilation terminated.
[1.294s] gmake[2]: *** [CMakeFiles/hardware_unitree_mujoco.dir/build.make:104: CMakeFiles/hardware_unitree_mujoco.dir/src/imu.cpp.o] Error 1
[1.294s] gmake[2]: *** Waiting for unfinished jobs....
[3.629s] gmake[1]: *** [CMakeFiles/Makefile2:137: CMakeFiles/hardware_unitree_mujoco.dir/all] Error 2
[3.629s] gmake: *** [Makefile:146: all] Error 2
[3.631s] Invoked command in '/home/yzz/219_ws/build/hardware_unitree_mujoco' returned '2': CMAKE_PREFIX_PATH=${CMAKE_PREFIX_PATH}:/opt/ros/humble /usr/bin/cmake --build /home/yzz/219_ws/build/hardware_unitree_mujoco -- -j2 -l2
