[0.014s] Invoking command in '/home/yzz/219_ws/build/hardware_unitree_mujoco': CMAKE_PREFIX_PATH=${CMAKE_PREFIX_PATH}:/opt/ros/humble /usr/bin/cmake /home/yzz/219_ws/src/quadruped_ros2_control-humble/hardwares/hardware_unitree_mujoco -DCMAKE_INSTALL_PREFIX=/home/yzz/219_ws/install -DAMENT_CMAKE_SYMLINK_INSTALL=1 -DCMAKE_INSTALL_PREFIX=/home/yzz/219_ws/install/hardware_unitree_mujoco
[0.125s] -- The C compiler identification is GNU 11.4.0
[0.251s] -- The CXX compiler identification is GNU 11.4.0
[0.259s] -- Detecting C compiler ABI info
[0.437s] -- Detecting C compiler ABI info - done
[0.457s] -- Check for working C compiler: /usr/bin/cc - skipped
[0.457s] -- Detecting C compile features
[0.459s] -- Detecting C compile features - done
[0.469s] -- Detecting CXX compiler ABI info
[0.717s] -- Detecting CXX compiler ABI info - done
[0.733s] -- Check for working CXX compiler: /usr/bin/c++ - skipped
[0.735s] -- Detecting CXX compile features
[0.735s] -- Detecting CXX compile features - done
[0.742s] -- Found ament_cmake: 1.3.12 (/opt/ros/humble/share/ament_cmake/cmake)
[1.025s] -- Found Python3: /usr/bin/python3 (found version "3.10.12") found components: Interpreter 
[1.118s] -- Override CMake install command with custom implementation using symlinks instead of copying resources
[1.153s] -- Found hardware_interface: 2.52.2 (/opt/ros/humble/share/hardware_interface/cmake)
[1.206s] -- Found rosidl_generator_c: 3.1.7 (/opt/ros/humble/share/rosidl_generator_c/cmake)
[1.212s] -- Found rosidl_adapter: 3.1.7 (/opt/ros/humble/share/rosidl_adapter/cmake)
[1.223s] -- Found rosidl_generator_cpp: 3.1.7 (/opt/ros/humble/share/rosidl_generator_cpp/cmake)
[1.243s] -- Using all available rosidl_typesupport_c: rosidl_typesupport_fastrtps_c;rosidl_typesupport_introspection_c
[1.268s] -- Using all available rosidl_typesupport_cpp: rosidl_typesupport_fastrtps_cpp;rosidl_typesupport_introspection_cpp
[1.569s] -- Found rmw_implementation_cmake: 6.1.2 (/opt/ros/humble/share/rmw_implementation_cmake/cmake)
[1.571s] -- Found rmw_fastrtps_cpp: 6.2.9 (/opt/ros/humble/share/rmw_fastrtps_cpp/cmake)
[1.580s] -- Found TinyXML2 via Config file: TinyXML2_DIR-NOTFOUND
[1.701s] -- Found OpenSSL: /usr/lib/x86_64-linux-gnu/libcrypto.so (found version "3.0.2")  
[1.706s] -- Found TinyXML2 via Config file: TinyXML2_DIR-NOTFOUND
[1.715s] -- Found FastRTPS: /opt/ros/humble/include  
[1.718s] -- Found TinyXML2 via Config file: TinyXML2_DIR-NOTFOUND
[1.726s] -- Found TinyXML2 via Config file: TinyXML2_DIR-NOTFOUND
[1.739s] -- Using RMW implementation 'rmw_fastrtps_cpp' as default
[1.755s] -- Looking for pthread.h
[2.022s] -- Looking for pthread.h - found
[2.023s] -- Performing Test CMAKE_HAVE_LIBC_PTHREAD
[2.320s] -- Performing Test CMAKE_HAVE_LIBC_PTHREAD - Success
[2.326s] -- Found Threads: TRUE  
[2.429s] -- Found ament_lint_auto: 0.12.14 (/opt/ros/humble/share/ament_lint_auto/cmake)
[2.576s] -- Added test 'cppcheck' to perform static code analysis on C / C++ code
[2.578s] -- Configured cppcheck include dirs: $<BUILD_INTERFACE:/home/yzz/219_ws/src/quadruped_ros2_control-humble/hardwares/hardware_unitree_mujoco/include>;/home/yzz/219_ws/src/quadruped_ros2_control-humble/hardwares/hardware_unitree_mujoco/src
[2.578s] -- Configured cppcheck exclude dirs and/or files: 
[2.578s] -- Added test 'flake8' to check Python code syntax and style conventions
[2.578s] -- Added test 'lint_cmake' to check CMake code style
[2.578s] -- Added test 'pep257' to check Python code against some of the docstring style conventions in PEP 257
[2.578s] -- Added test 'uncrustify' to check C / C++ code style
[2.578s] -- Configured uncrustify additional arguments: 
[2.578s] -- Added test 'xmllint' to check XML markup files
[2.578s] -- Configuring done
[2.593s] -- Generating done
[2.611s] -- Build files have been written to: /home/yzz/219_ws/build/hardware_unitree_mujoco
[2.635s] Invoked command in '/home/yzz/219_ws/build/hardware_unitree_mujoco' returned '0': CMAKE_PREFIX_PATH=${CMAKE_PREFIX_PATH}:/opt/ros/humble /usr/bin/cmake /home/yzz/219_ws/src/quadruped_ros2_control-humble/hardwares/hardware_unitree_mujoco -DCMAKE_INSTALL_PREFIX=/home/yzz/219_ws/install -DAMENT_CMAKE_SYMLINK_INSTALL=1 -DCMAKE_INSTALL_PREFIX=/home/yzz/219_ws/install/hardware_unitree_mujoco
[2.636s] Invoking command in '/home/yzz/219_ws/build/hardware_unitree_mujoco': CMAKE_PREFIX_PATH=${CMAKE_PREFIX_PATH}:/opt/ros/humble /usr/bin/cmake --build /home/yzz/219_ws/build/hardware_unitree_mujoco -- -j2 -l2
[2.788s] [ 20%] [32mBuilding CXX object CMakeFiles/hardware_unitree_mujoco.dir/src/HardwareUnitree.cpp.o[0m
[2.819s] [ 40%] [32mBuilding CXX object CMakeFiles/hardware_unitree_mujoco.dir/src/crc_table.cpp.o[0m
[2.870s] [01m[K/home/yzz/219_ws/src/quadruped_ros2_control-humble/hardwares/hardware_unitree_mujoco/src/crc_table.cpp:2:10:[m[K [01;31m[Kfatal error: [m[Krobot_hardware/crc_table.hpp: No such file or directory
[2.870s]     2 | #include [01;31m[K<robot_hardware/crc_table.hpp>[m[K
[2.871s]       |          [01;31m[K^~~~~~~~~~~~~~~~~~~~~~~~~~~~~~[m[K
[2.871s] compilation terminated.
[2.875s] gmake[2]: *** [CMakeFiles/hardware_unitree_mujoco.dir/build.make:90: CMakeFiles/hardware_unitree_mujoco.dir/src/crc_table.cpp.o] Error 1
[2.875s] gmake[2]: *** Waiting for unfinished jobs....
[7.787s] In file included from [01m[K/home/yzz/219_ws/src/quadruped_ros2_control-humble/hardwares/hardware_unitree_mujoco/src/HardwareUnitree.cpp:10[m[K:
[7.787s] [01m[K/home/yzz/219_ws/src/quadruped_ros2_control-humble/hardwares/hardware_unitree_mujoco/src/crc32.h:9:17:[m[K [01;35m[Kwarning: [m[Kâ€˜[01m[Kuint32_t crc32_core(const uint32_t*, uint32_t)[m[Kâ€™ defined but not used [[01;35m[K]8;;https://gcc.gnu.org/onlinedocs/gcc/Warning-Options.html#index-Wunused-function-Wunused-function]8;;[m[K]
[7.787s]     9 | static uint32_t [01;35m[Kcrc32_core[m[K(const uint32_t *ptr, uint32_t len) {
[7.787s]       |                 [01;35m[K^~~~~~~~~~[m[K
[8.901s] gmake[1]: *** [CMakeFiles/Makefile2:137: CMakeFiles/hardware_unitree_mujoco.dir/all] Error 2
[8.903s] gmake: *** [Makefile:146: all] Error 2
[8.905s] Invoked command in '/home/yzz/219_ws/build/hardware_unitree_mujoco' returned '2': CMAKE_PREFIX_PATH=${CMAKE_PREFIX_PATH}:/opt/ros/humble /usr/bin/cmake --build /home/yzz/219_ws/build/hardware_unitree_mujoco -- -j2 -l2
