[0.010s] Invoking command in '/home/yzz/219_ws/build/hardware_unitree_mujoco': CMAKE_PREFIX_PATH=${CMAKE_PREFIX_PATH}:/opt/ros/humble /usr/bin/cmake --build /home/yzz/219_ws/build/hardware_unitree_mujoco -- -j2 -l2
[0.107s] -- Found ament_cmake: 1.3.12 (/opt/ros/humble/share/ament_cmake/cmake)
[0.502s] -- Override CMake install command with custom implementation using symlinks instead of copying resources
[0.564s] -- Found serial: 1.2.1 (/usr/local/share/serial/cmake)
[0.583s] -- Found tf2_ros: 0.25.17 (/opt/ros/humble/share/tf2_ros/cmake)
[0.654s] -- Found rosidl_generator_c: 3.1.7 (/opt/ros/humble/share/rosidl_generator_c/cmake)
[0.661s] -- Found rosidl_adapter: 3.1.7 (/opt/ros/humble/share/rosidl_adapter/cmake)
[0.676s] -- Found rosidl_generator_cpp: 3.1.7 (/opt/ros/humble/share/rosidl_generator_cpp/cmake)
[0.715s] -- Using all available rosidl_typesupport_c: rosidl_typesupport_fastrtps_c;rosidl_typesupport_introspection_c
[0.761s] -- Using all available rosidl_typesupport_cpp: rosidl_typesupport_fastrtps_cpp;rosidl_typesupport_introspection_cpp
[0.959s] -- Found rmw_implementation_cmake: 6.1.2 (/opt/ros/humble/share/rmw_implementation_cmake/cmake)
[0.962s] -- Found rmw_fastrtps_cpp: 6.2.9 (/opt/ros/humble/share/rmw_fastrtps_cpp/cmake)
[1.177s] -- Using RMW implementation 'rmw_fastrtps_cpp' as default
[1.506s] -- Found hardware_interface: 2.52.2 (/opt/ros/humble/share/hardware_interface/cmake)
[1.746s] -- Found ament_lint_auto: 0.12.14 (/opt/ros/humble/share/ament_lint_auto/cmake)
[1.879s] -- Added test 'cppcheck' to perform static code analysis on C / C++ code
[1.882s] -- Configured cppcheck include dirs: $<BUILD_INTERFACE:/home/yzz/219_ws/src/quadruped_ros2_control-humble/hardwares/hardware_unitree_mujoco/include>;/home/yzz/219_ws/src/quadruped_ros2_control-humble/hardwares/hardware_unitree_mujoco/src
[1.882s] -- Configured cppcheck exclude dirs and/or files: 
[1.882s] -- Added test 'flake8' to check Python code syntax and style conventions
[1.882s] -- Added test 'lint_cmake' to check CMake code style
[1.884s] -- Added test 'pep257' to check Python code against some of the docstring style conventions in PEP 257
[1.888s] -- Added test 'uncrustify' to check C / C++ code style
[1.889s] -- Configured uncrustify additional arguments: 
[1.889s] -- Added test 'xmllint' to check XML markup files
[1.902s] -- Configuring done
[1.944s] -- Generating done
[1.954s] -- Build files have been written to: /home/yzz/219_ws/build/hardware_unitree_mujoco
[2.052s] [35m[1mConsolidate compiler generated dependencies of target hardware_unitree_mujoco[0m
[2.132s] [ 20%] [32mBuilding CXX object CMakeFiles/hardware_unitree_mujoco.dir/src/HardwareUnitree.cpp.o[0m
[4.698s] In file included from [01m[K/usr/include/c++/11/memory:76[m[K,
[4.698s]                  from [01m[K/opt/ros/humble/include/hardware_interface/hardware_interface/system_interface.hpp:18[m[K,
[4.698s]                  from [01m[K/home/yzz/219_ws/src/quadruped_ros2_control-humble/hardwares/hardware_unitree_mujoco/include/hardware_unitree_mujoco/HardwareUnitree.h:9[m[K,
[4.698s]                  from [01m[K/home/yzz/219_ws/src/quadruped_ros2_control-humble/hardwares/hardware_unitree_mujoco/src/HardwareUnitree.cpp:5[m[K:
[4.698s] /usr/include/c++/11/bits/unique_ptr.h: In instantiation of â€˜[01m[Ktypename std::_MakeUniq<_Tp>::__single_object std::make_unique(_Args&& ...) [with _Tp = tf2_ros::TransformBroadcaster; _Args = {}; typename std::_MakeUniq<_Tp>::__single_object = std::unique_ptr<tf2_ros::TransformBroadcaster>][m[Kâ€™:
[4.698s] [01m[K/home/yzz/219_ws/src/quadruped_ros2_control-humble/hardwares/hardware_unitree_mujoco/src/HardwareUnitree.cpp:70:70:[m[K   required from here
[4.698s] [01m[K/usr/include/c++/11/bits/unique_ptr.h:962:30:[m[K [01;31m[Kerror: [m[Kno matching function for call to â€˜[01m[Ktf2_ros::TransformBroadcaster::TransformBroadcaster()[m[Kâ€™
[4.698s]   962 |     { return unique_ptr<_Tp>([01;31m[Knew _Tp(std::forward<_Args>(__args)...)[m[K); }
[4.698s]       |                              [01;31m[K^~~~~~~~~~~~~~~~~~~~~~~~~~~~~~~~~~~~~~~[m[K
[4.698s] In file included from [01m[K/opt/ros/humble/include/tf2_ros/tf2_ros/transform_broadcaster.h:36[m[K,
[4.699s]                  from [01m[K/home/yzz/219_ws/src/quadruped_ros2_control-humble/hardwares/hardware_unitree_mujoco/include/hardware_unitree_mujoco/HardwareUnitree.h:23[m[K,
[4.699s]                  from [01m[K/home/yzz/219_ws/src/quadruped_ros2_control-humble/hardwares/hardware_unitree_mujoco/src/HardwareUnitree.cpp:5[m[K:
[4.699s] [01m[K/opt/ros/humble/include/tf2_ros/tf2_ros/transform_broadcaster.hpp:58:3:[m[K [01;36m[Knote: [m[Kcandidate: â€˜[01m[Ktemplate<class NodeT, class AllocatorT> tf2_ros::TransformBroadcaster::TransformBroadcaster(NodeT&&, const rclcpp::QoS&, const rclcpp::PublisherOptionsWithAllocator<AllocatorT>&)[m[Kâ€™
[4.699s]    58 |   [01;36m[KTransformBroadcaster[m[K(
[4.699s]       |   [01;36m[K^~~~~~~~~~~~~~~~~~~~[m[K
[4.699s] [01m[K/opt/ros/humble/include/tf2_ros/tf2_ros/transform_broadcaster.hpp:58:3:[m[K [01;36m[Knote: [m[K  template argument deduction/substitution failed:
[4.700s] In file included from [01m[K/usr/include/c++/11/memory:76[m[K,
[4.700s]                  from [01m[K/opt/ros/humble/include/hardware_interface/hardware_interface/system_interface.hpp:18[m[K,
[4.701s]                  from [01m[K/home/yzz/219_ws/src/quadruped_ros2_control-humble/hardwares/hardware_unitree_mujoco/include/hardware_unitree_mujoco/HardwareUnitree.h:9[m[K,
[4.701s]                  from [01m[K/home/yzz/219_ws/src/quadruped_ros2_control-humble/hardwares/hardware_unitree_mujoco/src/HardwareUnitree.cpp:5[m[K:
[4.701s] [01m[K/usr/include/c++/11/bits/unique_ptr.h:962:30:[m[K [01;36m[Knote: [m[K  candidate expects 3 arguments, 0 provided
[4.701s]   962 |     { return unique_ptr<_Tp>([01;36m[Knew _Tp(std::forward<_Args>(__args)...)[m[K); }
[4.701s]       |                              [01;36m[K^~~~~~~~~~~~~~~~~~~~~~~~~~~~~~~~~~~~~~~[m[K
[4.701s] In file included from [01m[K/opt/ros/humble/include/tf2_ros/tf2_ros/transform_broadcaster.h:36[m[K,
[4.701s]                  from [01m[K/home/yzz/219_ws/src/quadruped_ros2_control-humble/hardwares/hardware_unitree_mujoco/include/hardware_unitree_mujoco/HardwareUnitree.h:23[m[K,
[4.701s]                  from [01m[K/home/yzz/219_ws/src/quadruped_ros2_control-humble/hardwares/hardware_unitree_mujoco/src/HardwareUnitree.cpp:5[m[K:
[4.701s] [01m[K/opt/ros/humble/include/tf2_ros/tf2_ros/transform_broadcaster.hpp:53:7:[m[K [01;36m[Knote: [m[Kcandidate: â€˜[01m[Ktf2_ros::TransformBroadcaster::TransformBroadcaster(const tf2_ros::TransformBroadcaster&)[m[Kâ€™
[4.701s]    53 | class [01;36m[KTransformBroadcaster[m[K
[4.701s]       |       [01;36m[K^~~~~~~~~~~~~~~~~~~~[m[K
[4.701s] [01m[K/opt/ros/humble/include/tf2_ros/tf2_ros/transform_broadcaster.hpp:53:7:[m[K [01;36m[Knote: [m[K  candidate expects 1 argument, 0 provided
[4.701s] [01m[K/opt/ros/humble/include/tf2_ros/tf2_ros/transform_broadcaster.hpp:53:7:[m[K [01;36m[Knote: [m[Kcandidate: â€˜[01m[Ktf2_ros::TransformBroadcaster::TransformBroadcaster(tf2_ros::TransformBroadcaster&&)[m[Kâ€™
[4.701s] [01m[K/opt/ros/humble/include/tf2_ros/tf2_ros/transform_broadcaster.hpp:53:7:[m[K [01;36m[Knote: [m[K  candidate expects 1 argument, 0 provided
[5.120s] In file included from [01m[K/home/yzz/219_ws/src/quadruped_ros2_control-humble/hardwares/hardware_unitree_mujoco/src/HardwareUnitree.cpp:10[m[K:
[5.120s] [01m[K/home/yzz/219_ws/src/quadruped_ros2_control-humble/hardwares/hardware_unitree_mujoco/src/crc32.h:9:17:[m[K [01;35m[Kwarning: [m[Kâ€˜[01m[Kuint32_t crc32_core(const uint32_t*, uint32_t)[m[Kâ€™ defined but not used [[01;35m[K]8;;https://gcc.gnu.org/onlinedocs/gcc/Warning-Options.html#index-Wunused-function-Wunused-function]8;;[m[K]
[5.120s]     9 | static uint32_t [01;35m[Kcrc32_core[m[K(const uint32_t *ptr, uint32_t len) {
[5.120s]       |                 [01;35m[K^~~~~~~~~~[m[K
[5.147s] gmake[2]: *** [CMakeFiles/hardware_unitree_mujoco.dir/build.make:76: CMakeFiles/hardware_unitree_mujoco.dir/src/HardwareUnitree.cpp.o] Error 1
[5.147s] gmake[1]: *** [CMakeFiles/Makefile2:137: CMakeFiles/hardware_unitree_mujoco.dir/all] Error 2
[5.148s] gmake: *** [Makefile:146: all] Error 2
[5.150s] Invoked command in '/home/yzz/219_ws/build/hardware_unitree_mujoco' returned '2': CMAKE_PREFIX_PATH=${CMAKE_PREFIX_PATH}:/opt/ros/humble /usr/bin/cmake --build /home/yzz/219_ws/build/hardware_unitree_mujoco -- -j2 -l2
